2026-04-08 20:04:31,771 - INFO - [__main__] Starting Process for Athens,GR
2026-04-08 20:04:33,535 - INFO - [transform] Successfully processed Athens,GR. Final row count: 97
2026-04-08 20:04:33,536 - WARNING - [transform] Athens,GR: Dropped 1 rows.
2026-04-08 20:04:35,726 - INFO - [db] Successfully saved Athens,GR to database.
2026-04-08 20:04:36,830 - INFO - [__main__] Starting Process for Thessaloniki,GR
2026-04-08 20:04:38,338 - INFO - [transform] Successfully processed Thessaloniki,GR. Final row count: 91
2026-04-08 20:04:38,338 - WARNING - [transform] Thessaloniki,GR: Dropped 7 rows.
2026-04-08 20:04:38,705 - INFO - [db] Successfully saved Thessaloniki,GR to database.
2026-04-08 20:04:39,808 - INFO - [__main__] Starting Process for Heraklion,GR
2026-04-08 20:04:41,097 - INFO - [transform] Successfully processed Heraklion,GR. Final row count: 95
2026-04-08 20:04:41,097 - WARNING - [transform] Heraklion,GR: Dropped 3 rows.
2026-04-08 20:04:41,466 - INFO - [db] Successfully saved Heraklion,GR to database.
2026-04-08 20:04:42,570 - INFO - [__main__] Starting Process for Rhodes,GR
2026-04-08 20:04:43,936 - INFO - [transform] Successfully processed Rhodes,GR. Final row count: 95
2026-04-08 20:04:43,936 - WARNING - [transform] Rhodes,GR: Dropped 3 rows.
2026-04-08 20:04:44,309 - INFO - [db] Successfully saved Rhodes,GR to database.
2026-04-08 20:04:45,414 - INFO - [__main__] Starting Process for Lamia,GR
2026-04-08 20:04:46,647 - INFO - [transform] Successfully processed Lamia,GR. Final row count: 93
2026-04-08 20:04:46,647 - WARNING - [transform] Lamia,GR: Dropped 5 rows.
2026-04-08 20:04:47,014 - INFO - [db] Successfully saved Lamia,GR to database.
2026-04-08 20:04:48,750 - INFO - [db] Successfully loaded 471 rows from the database.
2026-04-08 20:04:48,768 - INFO - [analysis] Analysis complete. Insights extracted.
2026-04-08 20:04:50,899 - INFO - [visualization] Pipeline finished. Results are saved in the outputs folder.
2026-04-11 22:18:38,496 - INFO - [__main__] Starting Process for Athens,GR
2026-04-11 22:18:40,171 - INFO - [transform] Successfully processed Athens,GR. Final row count: 97
2026-04-11 22:18:40,172 - WARNING - [transform] Athens,GR: Dropped 1 rows.
2026-04-11 22:18:43,869 - INFO - [db] Successfully saved Athens,GR to database.
2026-04-11 22:18:44,963 - INFO - [__main__] Starting Process for Thessaloniki,GR
2026-04-11 22:18:46,185 - INFO - [transform] Successfully processed Thessaloniki,GR. Final row count: 91
2026-04-11 22:18:46,186 - WARNING - [transform] Thessaloniki,GR: Dropped 7 rows.
2026-04-11 22:18:46,519 - INFO - [db] Successfully saved Thessaloniki,GR to database.
2026-04-11 22:18:47,611 - INFO - [__main__] Starting Process for Heraklion,GR
2026-04-11 22:18:48,452 - INFO - [transform] Successfully processed Heraklion,GR. Final row count: 95
2026-04-11 22:18:48,452 - WARNING - [transform] Heraklion,GR: Dropped 3 rows.
2026-04-11 22:18:48,786 - INFO - [db] Successfully saved Heraklion,GR to database.
2026-04-11 22:18:49,879 - INFO - [__main__] Starting Process for Rhodes,GR
2026-04-11 22:18:51,020 - INFO - [transform] Successfully processed Rhodes,GR. Final row count: 96
2026-04-11 22:18:51,020 - WARNING - [transform] Rhodes,GR: Dropped 2 rows.
2026-04-11 22:18:51,355 - INFO - [db] Successfully saved Rhodes,GR to database.
2026-04-11 22:18:52,448 - INFO - [__main__] Starting Process for Lamia,GR
2026-04-11 22:18:53,225 - INFO - [transform] Successfully processed Lamia,GR. Final row count: 94
2026-04-11 22:18:53,225 - WARNING - [transform] Lamia,GR: Dropped 4 rows.
2026-04-11 22:18:53,557 - INFO - [db] Successfully saved Lamia,GR to database.
2026-04-11 22:18:54,649 - INFO - [__main__] ETL Cycle Complete. Database is updated.
2026-04-11 22:27:16,977 - INFO - [__main__] Starting Process for Athens,GR
2026-04-11 22:27:18,381 - INFO - [transform] Successfully processed Athens,GR. Final row count: 97
2026-04-11 22:27:18,381 - WARNING - [transform] Athens,GR: Dropped 1 rows.
2026-04-11 22:27:20,710 - INFO - [db] Successfully saved Athens,GR to database.
2026-04-11 22:27:21,804 - INFO - [__main__] Starting Process for Thessaloniki,GR
2026-04-11 22:27:22,868 - INFO - [transform] Successfully processed Thessaloniki,GR. Final row count: 91
2026-04-11 22:27:22,868 - WARNING - [transform] Thessaloniki,GR: Dropped 7 rows.
2026-04-11 22:27:23,206 - INFO - [db] Successfully saved Thessaloniki,GR to database.
2026-04-11 22:27:24,301 - INFO - [__main__] Starting Process for Heraklion,GR
2026-04-11 22:27:25,309 - INFO - [transform] Successfully processed Heraklion,GR. Final row count: 95
2026-04-11 22:27:25,310 - WARNING - [transform] Heraklion,GR: Dropped 3 rows.
2026-04-11 22:27:25,650 - INFO - [db] Successfully saved Heraklion,GR to database.
2026-04-11 22:27:26,745 - INFO - [__main__] Starting Process for Rhodes,GR
2026-04-11 22:27:27,692 - INFO - [transform] Successfully processed Rhodes,GR. Final row count: 96
2026-04-11 22:27:27,692 - WARNING - [transform] Rhodes,GR: Dropped 2 rows.
2026-04-11 22:27:28,031 - INFO - [db] Successfully saved Rhodes,GR to database.
2026-04-11 22:27:29,125 - INFO - [__main__] Starting Process for Lamia,GR
2026-04-11 22:27:29,981 - INFO - [transform] Successfully processed Lamia,GR. Final row count: 94
2026-04-11 22:27:29,982 - WARNING - [transform] Lamia,GR: Dropped 4 rows.
2026-04-11 22:27:30,327 - INFO - [db] Successfully saved Lamia,GR to database.
2026-04-11 22:27:31,421 - INFO - [__main__] ETL Cycle Complete. Database is updated.
2026-04-11 22:28:23,229 - INFO - [__main__] Starting Process for Athens,GR
2026-04-11 22:28:24,177 - INFO - [transform] Successfully processed Athens,GR. Final row count: 1
2026-04-11 22:28:26,548 - INFO - [db] Skipped Athens,GR: Data for this date already exists.
2026-04-11 22:28:27,548 - INFO - [__main__] Starting Process for Thessaloniki,GR
2026-04-11 22:28:28,159 - INFO - [transform] Successfully processed Thessaloniki,GR. Final row count: 1
2026-04-11 22:28:28,554 - INFO - [db] Skipped Thessaloniki,GR: Data for this date already exists.
2026-04-11 22:28:29,555 - INFO - [__main__] Starting Process for Heraklion,GR
2026-04-11 22:28:30,266 - INFO - [transform] Successfully processed Heraklion,GR. Final row count: 1
2026-04-11 22:28:30,658 - INFO - [db] Skipped Heraklion,GR: Data for this date already exists.
2026-04-11 22:28:31,659 - INFO - [__main__] Starting Process for Rhodes,GR
2026-04-11 22:28:32,177 - INFO - [transform] Successfully processed Rhodes,GR. Final row count: 1
2026-04-11 22:28:32,572 - INFO - [db] Skipped Rhodes,GR: Data for this date already exists.
2026-04-11 22:28:33,572 - INFO - [__main__] Starting Process for Lamia,GR
2026-04-11 22:28:34,191 - INFO - [transform] Successfully processed Lamia,GR. Final row count: 1
2026-04-11 22:28:34,584 - INFO - [db] Skipped Lamia,GR: Data for this date already exists.
2026-04-11 22:28:35,585 - INFO - [__main__] ETL Cycle Complete. Database is updated.
2026-04-13 10:10:09,477 - INFO - [__main__] Starting Process for Athens,GR
2026-04-13 10:10:10,425 - INFO - [transform] Successfully processed Athens,GR. Final row count: 5
2026-04-13 10:10:12,692 - INFO - [db] Successfully saved Athens,GR to database.
2026-04-13 10:10:13,789 - INFO - [__main__] Starting Process for Thessaloniki,GR
2026-04-13 10:10:14,303 - INFO - [transform] Successfully processed Thessaloniki,GR. Final row count: 5
2026-04-13 10:10:14,595 - INFO - [db] Successfully saved Thessaloniki,GR to database.
2026-04-13 10:10:15,690 - INFO - [__main__] Starting Process for Heraklion,GR
2026-04-13 10:10:16,464 - INFO - [transform] Successfully processed Heraklion,GR. Final row count: 5
2026-04-13 10:10:16,756 - INFO - [db] Successfully saved Heraklion,GR to database.
2026-04-13 10:10:17,850 - INFO - [__main__] Starting Process for Rhodes,GR
2026-04-13 10:10:18,387 - INFO - [transform] Successfully processed Rhodes,GR. Final row count: 5
2026-04-13 10:10:18,678 - INFO - [db] Successfully saved Rhodes,GR to database.
2026-04-13 10:10:19,773 - INFO - [__main__] Starting Process for Lamia,GR
2026-04-13 10:10:20,282 - INFO - [transform] Successfully processed Lamia,GR. Final row count: 2
2026-04-13 10:10:20,282 - WARNING - [transform] Lamia,GR: Dropped 3 rows.
2026-04-13 10:10:20,572 - INFO - [db] Successfully saved Lamia,GR to database.
2026-04-13 10:10:21,664 - INFO - [__main__] ETL Cycle Complete. Database is updated.
